<?xml version="1.0" encoding="UTF-8"?>
<testsuite name="DistanceConverterTest" tests="1" skipped="0" failures="0" errors="0" timestamp="2015-07-05T21:41:46" hostname="Natalies-MacBook-Pro-2.local" time="0.002">
  <properties/>
  <testcase name="testConvertKilometersToMiles" classname="DistanceConverterTest" time="0.002"/>
  <system-out><![CDATA[]]></system-out>
  <system-err><![CDATA[]]></system-err>
</testsuite>
